# JRE version: OpenJDK Runtime Environment Corretto-11.0.14.10.1 (11.0.14.1+10) (build 11.0.14.1+10-LTS)
# Java VM: OpenJDK 64-Bit Server VM Corretto-11.0.14.10.1 (11.0.14.1+10-LTS, mixed mode, tiered, compressed oops, g1 gc, windows-amd64)
Heap:
 garbage-first heap   total 196608K, used 117353K [0x0000000081e00000, 0x0000000100000000)
  region size 1024K, 81 young (82944K), 1 survivors (1024K)
 Metaspace       used 85446K, capacity 87815K, committed 88064K, reserved 1126400K
  class space    used 10433K, capacity 11405K, committed 11520K, reserved 1048576K
GC Heap History (20 events):
Event: 1444.466 GC heap before
{Heap before GC invocations=36 (full 0):
 garbage-first heap   total 196608K, used 153109K [0x0000000081e00000, 0x0000000100000000)
  region size 1024K, 115 young (117760K), 1 survivors (1024K)
 Metaspace       used 85428K, capacity 87815K, committed 88064K, reserved 1126400K
  class space    used 10431K, capacity 11405K, committed 11520K, reserved 1048576K
}
Event: 1444.467 GC heap after
{Heap after GC invocations=37 (full 0):
 garbage-first heap   total 196608K, used 36382K [0x0000000081e00000, 0x0000000100000000)
  region size 1024K, 1 young (1024K), 1 survivors (1024K)
 Metaspace       used 85428K, capacity 87815K, committed 88064K, reserved 1126400K
  class space    used 10431K, capacity 11405K, committed 11520K, reserved 1048576K
}
Event: 1452.493 GC heap before
{Heap before GC invocations=37 (full 0):
 garbage-first heap   total 196608K, used 153118K [0x0000000081e00000, 0x0000000100000000)
  region size 1024K, 115 young (117760K), 1 survivors (1024K)
 Metaspace       used 85429K, capacity 87815K, committed 88064K, reserved 1126400K
  class space    used 10431K, capacity 11405K, committed 11520K, reserved 1048576K
}
Event: 1452.495 GC heap after
{Heap after GC invocations=38 (full 0):
 garbage-first heap   total 196608K, used 36418K [0x0000000081e00000, 0x0000000100000000)
  region size 1024K, 1 young (1024K), 1 survivors (1024K)
 Metaspace       used 85429K, capacity 87815K, committed 88064K, reserved 1126400K
  class space    used 10431K, capacity 11405K, committed 11520K, reserved 1048576K
}
Event: 1460.998 GC heap before
{Heap before GC invocations=38 (full 0):
 garbage-first heap   total 196608K, used 153154K [0x0000000081e00000, 0x0000000100000000)
  region size 1024K, 115 young (117760K), 1 survivors (1024K)
 Metaspace       used 85436K, capacity 87815K, committed 88064K, reserved 1126400K
  class space    used 10432K, capacity 11405K, committed 11520K, reserved 1048576K
}
Event: 1461.000 GC heap after
{Heap after GC invocations=39 (full 0):
 garbage-first heap   total 196608K, used 36431K [0x0000000081e00000, 0x0000000100000000)
  region size 1024K, 1 young (1024K), 1 survivors (1024K)
 Metaspace       used 85436K, capacity 87815K, committed 88064K, reserved 1126400K
  class space    used 10432K, capacity 11405K, committed 11520K, reserved 1048576K
}
Event: 1468.431 GC heap before
{Heap before GC invocations=39 (full 0):
 garbage-first heap   total 196608K, used 153167K [0x0000000081e00000, 0x0000000100000000)
  region size 1024K, 115 young (117760K), 1 survivors (1024K)
 Metaspace       used 85438K, capacity 87815K, committed 88064K, reserved 1126400K
  class space    used 10432K, capacity 11405K, committed 11520K, reserved 1048576K
}
Event: 1468.433 GC heap after
{Heap after GC invocations=40 (full 0):
 garbage-first heap   total 196608K, used 36434K [0x0000000081e00000, 0x0000000100000000)
  region size 1024K, 1 young (1024K), 1 survivors (1024K)
 Metaspace       used 85438K, capacity 87815K, committed 88064K, reserved 1126400K
  class space    used 10432K, capacity 11405K, committed 11520K, reserved 1048576K
}
Event: 1477.359 GC heap before
{Heap before GC invocations=40 (full 0):
 garbage-first heap   total 196608K, used 153170K [0x0000000081e00000, 0x0000000100000000)
  region size 1024K, 115 young (117760K), 1 survivors (1024K)
 Metaspace       used 85440K, capacity 87815K, committed 88064K, reserved 1126400K
  class space    used 10432K, capacity 11405K, committed 11520K, reserved 1048576K
}
Event: 1477.362 GC heap after
{Heap after GC invocations=41 (full 0):
 garbage-first heap   total 196608K, used 36433K [0x0000000081e00000, 0x0000000100000000)
  region size 1024K, 1 young (1024K), 1 survivors (1024K)
 Metaspace       used 85440K, capacity 87815K, committed 88064K, reserved 1126400K
  class space    used 10432K, capacity 11405K, committed 11520K, reserved 1048576K
}
Event: 1480.693 GC heap before
{Heap before GC invocations=41 (full 0):
 garbage-first heap   total 196608K, used 153169K [0x0000000081e00000, 0x0000000100000000)
  region size 1024K, 115 young (117760K), 1 survivors (1024K)
 Metaspace       used 85441K, capacity 87815K, committed 88064K, reserved 1126400K
  class space    used 10432K, capacity 11405K, committed 11520K, reserved 1048576K
}
Event: 1480.695 GC heap after
{Heap after GC invocations=42 (full 0):
 garbage-first heap   total 196608K, used 36443K [0x0000000081e00000, 0x0000000100000000)
  region size 1024K, 1 young (1024K), 1 survivors (1024K)
 Metaspace       used 85441K, capacity 87815K, committed 88064K, reserved 1126400K
  class space    used 10432K, capacity 11405K, committed 11520K, reserved 1048576K
}
Event: 1484.246 GC heap before
{Heap before GC invocations=42 (full 0):
 garbage-first heap   total 196608K, used 153179K [0x0000000081e00000, 0x0000000100000000)
  region size 1024K, 115 young (117760K), 1 survivors (1024K)
 Metaspace       used 85445K, capacity 87815K, committed 88064K, reserved 1126400K
  class space    used 10433K, capacity 11405K, committed 11520K, reserved 1048576K
}
Event: 1484.247 GC heap after
{Heap after GC invocations=43 (full 0):
 garbage-first heap   total 196608K, used 36460K [0x0000000081e00000, 0x0000000100000000)
  region size 1024K, 1 young (1024K), 1 survivors (1024K)
 Metaspace       used 85445K, capacity 87815K, committed 88064K, reserved 1126400K
  class space    used 10433K, capacity 11405K, committed 11520K, reserved 1048576K
}
Event: 1488.110 GC heap before
{Heap before GC invocations=43 (full 0):
 garbage-first heap   total 196608K, used 153196K [0x0000000081e00000, 0x0000000100000000)
  region size 1024K, 115 young (117760K), 1 survivors (1024K)
 Metaspace       used 85446K, capacity 87815K, committed 88064K, reserved 1126400K
  class space    used 10433K, capacity 11405K, committed 11520K, reserved 1048576K
}
Event: 1488.112 GC heap after
{Heap after GC invocations=44 (full 0):
 garbage-first heap   total 196608K, used 36457K [0x0000000081e00000, 0x0000000100000000)
  region size 1024K, 1 young (1024K), 1 survivors (1024K)
 Metaspace       used 85446K, capacity 87815K, committed 88064K, reserved 1126400K
  class space    used 10433K, capacity 11405K, committed 11520K, reserved 1048576K
}
Event: 1492.061 GC heap before
{Heap before GC invocations=44 (full 0):
 garbage-first heap   total 196608K, used 153193K [0x0000000081e00000, 0x0000000100000000)
  region size 1024K, 115 young (117760K), 1 survivors (1024K)
 Metaspace       used 85446K, capacity 87815K, committed 88064K, reserved 1126400K
  class space    used 10433K, capacity 11405K, committed 11520K, reserved 1048576K
}
Event: 1492.062 GC heap after
{Heap after GC invocations=45 (full 0):
 garbage-first heap   total 196608K, used 36434K [0x0000000081e00000, 0x0000000100000000)
  region size 1024K, 1 young (1024K), 1 survivors (1024K)
 Metaspace       used 85446K, capacity 87815K, committed 88064K, reserved 1126400K
  class space    used 10433K, capacity 11405K, committed 11520K, reserved 1048576K
}
Event: 1494.277 GC heap before
{Heap before GC invocations=45 (full 0):
 garbage-first heap   total 196608K, used 153170K [0x0000000081e00000, 0x0000000100000000)
  region size 1024K, 115 young (117760K), 1 survivors (1024K)
 Metaspace       used 85446K, capacity 87815K, committed 88064K, reserved 1126400K
  class space    used 10433K, capacity 11405K, committed 11520K, reserved 1048576K
}
Event: 1494.279 GC heap after
{Heap after GC invocations=46 (full 0):
 garbage-first heap   total 196608K, used 36457K [0x0000000081e00000, 0x0000000100000000)
  region size 1024K, 1 young (1024K), 1 survivors (1024K)
 Metaspace       used 85446K, capacity 87815K, committed 88064K, reserved 1126400K
  class space    used 10433K, capacity 11405K, committed 11520K, reserved 1048576K
}

